Using pre-set license
Built from '2022.3/staging' branch; Version is '2022.3.16f1 (d2c21f0ef2f1) revision 13812255'; Using compiler version '192829333'; Build Type 'Release'
OS: 'Windows 11  (10.0.22631) 64bit Professional' Language: 'pt' Physical Memory: 16308 MB
BatchMode: 1, IsHumanControllingUs: 0, StartBugReporterOnCrash: 0, Is64bit: 1, IsPro: 1

COMMAND LINE ARGUMENTS:
C:\Program Files\Unity\Hub\Editor\2022.3.16f1\Editor\Unity.exe
-adb2
-batchMode
-noUpm
-name
AssetImportWorker0
-projectPath
D:/Cloud/OneDrive - Fatec Centro Paula Souza/03. Estudos - Programação/Unity/Aula_Unity/Base_voxel
-logFile
Logs/AssetImportWorker0.log
-srvPort
59058
Successfully changed project path to: D:/Cloud/OneDrive - Fatec Centro Paula Souza/03. Estudos - Programação/Unity/Aula_Unity/Base_voxel
D:/Cloud/OneDrive - Fatec Centro Paula Souza/03. Estudos - Programação/Unity/Aula_Unity/Base_voxel
[UnityMemory] Configuration Parameters - Can be set up in boot.config
    "memorysetup-bucket-allocator-granularity=16"
    "memorysetup-bucket-allocator-bucket-count=8"
    "memorysetup-bucket-allocator-block-size=33554432"
    "memorysetup-bucket-allocator-block-count=8"
    "memorysetup-main-allocator-block-size=16777216"
    "memorysetup-thread-allocator-block-size=16777216"
    "memorysetup-gfx-main-allocator-block-size=16777216"
    "memorysetup-gfx-thread-allocator-block-size=16777216"
    "memorysetup-cache-allocator-block-size=4194304"
    "memorysetup-typetree-allocator-block-size=2097152"
    "memorysetup-profiler-bucket-allocator-granularity=16"
    "memorysetup-profiler-bucket-allocator-bucket-count=8"
    "memorysetup-profiler-bucket-allocator-block-size=33554432"
    "memorysetup-profiler-bucket-allocator-block-count=8"
    "memorysetup-profiler-allocator-block-size=16777216"
    "memorysetup-profiler-editor-allocator-block-size=1048576"
    "memorysetup-temp-allocator-size-main=16777216"
    "memorysetup-job-temp-allocator-block-size=2097152"
    "memorysetup-job-temp-allocator-block-size-background=1048576"
    "memorysetup-job-temp-allocator-reduction-small-platforms=262144"
    "memorysetup-allocator-temp-initial-block-size-main=262144"
    "memorysetup-allocator-temp-initial-block-size-worker=262144"
    "memorysetup-temp-allocator-size-background-worker=32768"
    "memorysetup-temp-allocator-size-job-worker=262144"
    "memorysetup-temp-allocator-size-preload-manager=33554432"
    "memorysetup-temp-allocator-size-nav-mesh-worker=65536"
    "memorysetup-temp-allocator-size-audio-worker=65536"
    "memorysetup-temp-allocator-size-cloud-worker=32768"
    "memorysetup-temp-allocator-size-gi-baking-worker=262144"
    "memorysetup-temp-allocator-size-gfx=262144"
Player connection [19140] Host "[IP] 192.168.1.5 [Port] 0 [Flags] 2 [Guid] 4289794688 [EditorId] 4289794688 [Version] 1048832 [Id] WindowsEditor(7,Beluga) [Debug] 1 [PackageName] WindowsEditor [ProjectName] Editor" joined multi-casting on [225.0.0.222:54997]...

Player connection [19140] Host "[IP] 192.168.1.5 [Port] 0 [Flags] 2 [Guid] 4289794688 [EditorId] 4289794688 [Version] 1048832 [Id] WindowsEditor(7,Beluga) [Debug] 1 [PackageName] WindowsEditor [ProjectName] Editor" joined alternative multi-casting on [225.0.0.222:34997]...

[Physics::Module] Initialized MultithreadedJobDispatcher with 11 workers.
Refreshing native plugins compatible for Editor in 9.58 ms, found 3 plugins.
Preloading 0 native plugins for Editor in 0.00 ms.
Initialize engine version: 2022.3.16f1 (d2c21f0ef2f1)
[Subsystems] Discovering subsystems at path C:/Program Files/Unity/Hub/Editor/2022.3.16f1/Editor/Data/Resources/UnitySubsystems
[Subsystems] Discovering subsystems at path D:/Cloud/OneDrive - Fatec Centro Paula Souza/03. Estudos - Programação/Unity/Aula_Unity/Base_voxel/Assets
GfxDevice: creating device client; threaded=0; jobified=0
Direct3D:
    Version:  Direct3D 11.0 [level 11.1]
    Renderer: AMD Radeon RX 6600 (ID=0x73ff)
    Vendor:   ATI
    VRAM:     8147 MB
    Driver:   31.0.23013.1023
Initialize mono
Mono path[0] = 'C:/Program Files/Unity/Hub/Editor/2022.3.16f1/Editor/Data/Managed'
Mono path[1] = 'C:/Program Files/Unity/Hub/Editor/2022.3.16f1/Editor/Data/MonoBleedingEdge/lib/mono/unityjit-win32'
Mono config path = 'C:/Program Files/Unity/Hub/Editor/2022.3.16f1/Editor/Data/MonoBleedingEdge/etc'
Using monoOptions --debugger-agent=transport=dt_socket,embedding=1,server=y,suspend=n,address=127.0.0.1:56340
Begin MonoManager ReloadAssembly
Registering precompiled unity dll's ...
Register platform support module: C:/Program Files/Unity/Hub/Editor/2022.3.16f1/Editor/Data/PlaybackEngines/WebGLSupport/UnityEditor.WebGL.Extensions.dll
Register platform support module: C:/Program Files/Unity/Hub/Editor/2022.3.16f1/Editor/Data/PlaybackEngines/AndroidPlayer/UnityEditor.Android.Extensions.dll
Register platform support module: C:/Program Files/Unity/Hub/Editor/2022.3.16f1/Editor/Data/PlaybackEngines/WindowsStandaloneSupport/UnityEditor.WindowsStandalone.Extensions.dll
Registered in 0.009857 seconds.
- Loaded All Assemblies, in  0.297 seconds
Native extension for WindowsStandalone target not found
Native extension for Android target not found
Android Extension - Scanning For ADB Devices 265 ms
Native extension for WebGL target not found
Mono: successfully reloaded assembly
- Finished resetting the current domain, in  0.527 seconds
Domain Reload Profiling: 823ms
	BeginReloadAssembly (93ms)
		ExecutionOrderSort (0ms)
		DisableScriptedObjects (0ms)
		BackupInstance (0ms)
		ReleaseScriptingObjects (0ms)
		CreateAndSetChildDomain (1ms)
	RebuildCommonClasses (28ms)
	RebuildNativeTypeToScriptingClass (9ms)
	initialDomainReloadingComplete (54ms)
	LoadAllAssembliesAndSetupDomain (112ms)
		LoadAssemblies (91ms)
		RebuildTransferFunctionScriptingTraits (0ms)
		AnalyzeDomain (110ms)
			TypeCache.Refresh (109ms)
				TypeCache.ScanAssembly (99ms)
			ScanForSourceGeneratedMonoScriptInfo (0ms)
			ResolveRequiredComponents (0ms)
	FinalizeReload (527ms)
		ReleaseScriptCaches (0ms)
		RebuildScriptCaches (0ms)
		SetupLoadedEditorAssemblies (482ms)
			LogAssemblyErrors (0ms)
			InitializePlatformSupportModulesInManaged (350ms)
			SetLoadedEditorAssemblies (3ms)
			RefreshPlugins (0ms)
			BeforeProcessingInitializeOnLoad (2ms)
			ProcessInitializeOnLoadAttributes (89ms)
			ProcessInitializeOnLoadMethodAttributes (39ms)
			AfterProcessingInitializeOnLoad (0ms)
			EditorAssembliesLoaded (0ms)
		ExecutionOrderSort2 (0ms)
		AwakeInstancesAfterBackupRestoration (0ms)
========================================================================
Worker process is ready to serve import requests
Begin MonoManager ReloadAssembly
- Loaded All Assemblies, in  0.518 seconds
Refreshing native plugins compatible for Editor in 5.29 ms, found 3 plugins.
Native extension for WindowsStandalone target not found
Native extension for Android target not found
Native extension for WebGL target not found
Package Manager log level set to [2]
[Package Manager] Server::EnsureServerProcessIsRunning -- launch failed, reason: Unity was launched with the -noUpm command-line argument
[Package Manager] UpmClient::Send -- Unable to send message (not connected to UPM process).
[Package Manager] Cannot connect to Unity Package Manager local server
Mono: successfully reloaded assembly
- Finished resetting the current domain, in  0.451 seconds
Domain Reload Profiling: 967ms
	BeginReloadAssembly (119ms)
		ExecutionOrderSort (0ms)
		DisableScriptedObjects (4ms)
		BackupInstance (0ms)
		ReleaseScriptingObjects (0ms)
		CreateAndSetChildDomain (21ms)
	RebuildCommonClasses (26ms)
	RebuildNativeTypeToScriptingClass (9ms)
	initialDomainReloadingComplete (36ms)
	LoadAllAssembliesAndSetupDomain (325ms)
		LoadAssemblies (246ms)
		RebuildTransferFunctionScriptingTraits (0ms)
		AnalyzeDomain (147ms)
			TypeCache.Refresh (128ms)
				TypeCache.ScanAssembly (115ms)
			ScanForSourceGeneratedMonoScriptInfo (14ms)
			ResolveRequiredComponents (3ms)
	FinalizeReload (452ms)
		ReleaseScriptCaches (0ms)
		RebuildScriptCaches (0ms)
		SetupLoadedEditorAssemblies (336ms)
			LogAssemblyErrors (0ms)
			InitializePlatformSupportModulesInManaged (20ms)
			SetLoadedEditorAssemblies (4ms)
			RefreshPlugins (0ms)
			BeforeProcessingInitializeOnLoad (49ms)
			ProcessInitializeOnLoadAttributes (240ms)
			ProcessInitializeOnLoadMethodAttributes (15ms)
			AfterProcessingInitializeOnLoad (7ms)
			EditorAssembliesLoaded (0ms)
		ExecutionOrderSort2 (0ms)
		AwakeInstancesAfterBackupRestoration (5ms)
Launched and connected shader compiler UnityShaderCompiler.exe after 0.04 seconds
Refreshing native plugins compatible for Editor in 4.66 ms, found 3 plugins.
Preloading 0 native plugins for Editor in 0.00 ms.
Unloading 3088 Unused Serialized files (Serialized files now loaded: 0)
Unloading 32 unused Assets / (56.9 KB). Loaded Objects now: 3552.
Memory consumption went from 127.8 MB to 127.7 MB.
Total: 2.742200 ms (FindLiveObjects: 0.217800 ms CreateObjectMapping: 0.070000 ms MarkObjects: 2.363500 ms  DeleteObjects: 0.089900 ms)

AssetImportParameters requested are different than current active one (requested -> active):
  custom:container-demuxer-ogg: 62fdf1f143b41e24485cea50d1cbac27 -> 
  custom:video-codec-MediaFoundation-h265: 746d11721c4dcdbdad8f713fa42b33f4 -> 
  custom:video-decoder-ogg-theora: a1e56fd34408186e4bbccfd4996cb3dc -> 
  custom:framework-win-MediaFoundation: 216162199b28c13a410421893ffa2e32 -> 
  custom:CustomObjectIndexerAttribute: 43b350a4d6e6d1791af0b5038c4bea17 -> 
  custom:container-demuxer-webm: 4f35f7cbe854078d1ac9338744f61a02 -> 
  custom:container-muxer-webm: aa71ff27fc2769a1b78a27578f13a17b -> 
  custom:video-decoder-webm-vp8: 9c59270c3fd7afecdb556c50c9e8de78 -> 
  custom:SearchIndexIgnoredProperties: e643bd26f0fe6173181afceb89e7c659 -> 
  custom:AudioImporter_EditorPlatform: d09bf68614088b80899f8185d706f6e7 -> 
  custom:video-encoder-webm-vp8: eb34c28f22e8b96e1ab97ce403110664 -> 
  custom:audio-decoder-ogg-vorbis: bf7c407c2cedff20999df2af8eb42d56 -> 
  custom:audio-encoder-webm-vorbis: bf7c407c2cedff20999df2af8eb42d56 -> 
========================================================================
Received Import Request.
  Time since last request: 68704.703471 seconds.
  path: Assets/Script/MudarCor.cs
  artifactKey: Guid(91125665b8bc6344ea8af0706f69acd8) Importer(815301076,1909f56bfc062723c751e8b465ee728b)
Start importing Assets/Script/MudarCor.cs using Guid(91125665b8bc6344ea8af0706f69acd8) Importer(815301076,1909f56bfc062723c751e8b465ee728b)  -> (artifact id: '0ac7306257346f4e76763667e5494547') in 0.002054 seconds
Number of updated asset objects reloaded before import = 0
Number of asset objects unloaded after import = 0
========================================================================
Received Import Request.
  Time since last request: 11.754178 seconds.
  path: Assets/Script/Gravidade.cs
  artifactKey: Guid(62d67770c90466c45b12ed0b613d1b08) Importer(815301076,1909f56bfc062723c751e8b465ee728b)
Start importing Assets/Script/Gravidade.cs using Guid(62d67770c90466c45b12ed0b613d1b08) Importer(815301076,1909f56bfc062723c751e8b465ee728b)  -> (artifact id: '5587b129aef6f48008097e32f20600d9') in 0.000400 seconds
Number of updated asset objects reloaded before import = 0
Number of asset objects unloaded after import = 0
========================================================================
Received Import Request.
  Time since last request: 1630.910612 seconds.
  path: Assets/Script/Gravidade.cs
  artifactKey: Guid(62d67770c90466c45b12ed0b613d1b08) Importer(815301076,1909f56bfc062723c751e8b465ee728b)
Start importing Assets/Script/Gravidade.cs using Guid(62d67770c90466c45b12ed0b613d1b08) Importer(815301076,1909f56bfc062723c751e8b465ee728b)  -> (artifact id: '1a52f051af4e1d191e19f072457d18ee') in 0.000552 seconds
Number of updated asset objects reloaded before import = 0
Number of asset objects unloaded after import = 0
========================================================================
Received Import Request.
  Time since last request: 13.755583 seconds.
  path: Assets/Script/Gravidade.cs
  artifactKey: Guid(62d67770c90466c45b12ed0b613d1b08) Importer(815301076,1909f56bfc062723c751e8b465ee728b)
Start importing Assets/Script/Gravidade.cs using Guid(62d67770c90466c45b12ed0b613d1b08) Importer(815301076,1909f56bfc062723c751e8b465ee728b)  -> (artifact id: 'de35226438b2e2abc92a958305d422fc') in 0.000665 seconds
Number of updated asset objects reloaded before import = 0
Number of asset objects unloaded after import = 0
========================================================================
Received Import Request.
  Time since last request: 6.745143 seconds.
  path: Assets/Script/Gravidade.cs
  artifactKey: Guid(62d67770c90466c45b12ed0b613d1b08) Importer(815301076,1909f56bfc062723c751e8b465ee728b)
Start importing Assets/Script/Gravidade.cs using Guid(62d67770c90466c45b12ed0b613d1b08) Importer(815301076,1909f56bfc062723c751e8b465ee728b)  -> (artifact id: '6556da1003fad56c0f94a605a3995c96') in 0.001185 seconds
Number of updated asset objects reloaded before import = 0
Number of asset objects unloaded after import = 0
========================================================================
Received Import Request.
  Time since last request: 5.188634 seconds.
  path: Assets/Script/Gravidade.cs
  artifactKey: Guid(62d67770c90466c45b12ed0b613d1b08) Importer(815301076,1909f56bfc062723c751e8b465ee728b)
Start importing Assets/Script/Gravidade.cs using Guid(62d67770c90466c45b12ed0b613d1b08) Importer(815301076,1909f56bfc062723c751e8b465ee728b)  -> (artifact id: '806b9f76eec49c30f3f4257ef2f1559d') in 0.000451 seconds
Number of updated asset objects reloaded before import = 0
Number of asset objects unloaded after import = 0
========================================================================
Received Import Request.
  Time since last request: 7.368590 seconds.
  path: Assets/Script/Gravidade.cs
  artifactKey: Guid(62d67770c90466c45b12ed0b613d1b08) Importer(815301076,1909f56bfc062723c751e8b465ee728b)
Start importing Assets/Script/Gravidade.cs using Guid(62d67770c90466c45b12ed0b613d1b08) Importer(815301076,1909f56bfc062723c751e8b465ee728b)  -> (artifact id: 'f166e94e7080ae96e61f8cc8a702acf0') in 0.000461 seconds
Number of updated asset objects reloaded before import = 0
Number of asset objects unloaded after import = 0
========================================================================
Received Import Request.
  Time since last request: 25.907099 seconds.
  path: Assets/Script/Gravidade.cs
  artifactKey: Guid(62d67770c90466c45b12ed0b613d1b08) Importer(815301076,1909f56bfc062723c751e8b465ee728b)
Start importing Assets/Script/Gravidade.cs using Guid(62d67770c90466c45b12ed0b613d1b08) Importer(815301076,1909f56bfc062723c751e8b465ee728b)  -> (artifact id: 'af59c9853b5bba07109dc18d8d652188') in 0.000492 seconds
Number of updated asset objects reloaded before import = 0
Number of asset objects unloaded after import = 0
========================================================================
Received Import Request.
  Time since last request: 29.074047 seconds.
  path: Assets/Script/Gravidade.cs
  artifactKey: Guid(62d67770c90466c45b12ed0b613d1b08) Importer(815301076,1909f56bfc062723c751e8b465ee728b)
Start importing Assets/Script/Gravidade.cs using Guid(62d67770c90466c45b12ed0b613d1b08) Importer(815301076,1909f56bfc062723c751e8b465ee728b)  -> (artifact id: '30fb084f897efcd1bf298f4866a5a63d') in 0.000464 seconds
Number of updated asset objects reloaded before import = 0
Number of asset objects unloaded after import = 0
========================================================================
Received Import Request.
  Time since last request: 226.292302 seconds.
  path: Assets/Script/Gravidade.cs
  artifactKey: Guid(62d67770c90466c45b12ed0b613d1b08) Importer(815301076,1909f56bfc062723c751e8b465ee728b)
Start importing Assets/Script/Gravidade.cs using Guid(62d67770c90466c45b12ed0b613d1b08) Importer(815301076,1909f56bfc062723c751e8b465ee728b)  -> (artifact id: '2c9e86de9b10d08d8e326fcf8a3ccfc1') in 0.000708 seconds
Number of updated asset objects reloaded before import = 0
Number of asset objects unloaded after import = 0
========================================================================
Received Import Request.
  Time since last request: 85.500666 seconds.
  path: Assets/Script/Gravidade.cs
  artifactKey: Guid(62d67770c90466c45b12ed0b613d1b08) Importer(815301076,1909f56bfc062723c751e8b465ee728b)
Start importing Assets/Script/Gravidade.cs using Guid(62d67770c90466c45b12ed0b613d1b08) Importer(815301076,1909f56bfc062723c751e8b465ee728b)  -> (artifact id: 'd2d1dcf61d5d7406cea7e4ae705d39a4') in 0.000414 seconds
Number of updated asset objects reloaded before import = 0
Number of asset objects unloaded after import = 0
========================================================================
Received Import Request.
  Time since last request: 56.249691 seconds.
  path: Assets/Script/Gravidade.cs
  artifactKey: Guid(62d67770c90466c45b12ed0b613d1b08) Importer(815301076,1909f56bfc062723c751e8b465ee728b)
Start importing Assets/Script/Gravidade.cs using Guid(62d67770c90466c45b12ed0b613d1b08) Importer(815301076,1909f56bfc062723c751e8b465ee728b)  -> (artifact id: '5cd9512d26e065ae2edfda2fa63dbe79') in 0.000499 seconds
Number of updated asset objects reloaded before import = 0
Number of asset objects unloaded after import = 0
========================================================================
Received Import Request.
  Time since last request: 20.474567 seconds.
  path: Assets/Script/Gravidade.cs
  artifactKey: Guid(62d67770c90466c45b12ed0b613d1b08) Importer(815301076,1909f56bfc062723c751e8b465ee728b)
Start importing Assets/Script/Gravidade.cs using Guid(62d67770c90466c45b12ed0b613d1b08) Importer(815301076,1909f56bfc062723c751e8b465ee728b)  -> (artifact id: '9178b312f98e7fb34acd732f239d4103') in 0.000453 seconds
Number of updated asset objects reloaded before import = 0
Number of asset objects unloaded after import = 0
========================================================================
Received Import Request.
  Time since last request: 4.413214 seconds.
  path: Assets/Script/Gravidade.cs
  artifactKey: Guid(62d67770c90466c45b12ed0b613d1b08) Importer(815301076,1909f56bfc062723c751e8b465ee728b)
Start importing Assets/Script/Gravidade.cs using Guid(62d67770c90466c45b12ed0b613d1b08) Importer(815301076,1909f56bfc062723c751e8b465ee728b)  -> (artifact id: '53c4c1e1d100d1d74b4e81f62f0e5aee') in 0.000385 seconds
Number of updated asset objects reloaded before import = 0
Number of asset objects unloaded after import = 0
========================================================================
Received Import Request.
  Time since last request: 25.825990 seconds.
  path: Assets/Script/Gravidade.cs
  artifactKey: Guid(62d67770c90466c45b12ed0b613d1b08) Importer(815301076,1909f56bfc062723c751e8b465ee728b)
Start importing Assets/Script/Gravidade.cs using Guid(62d67770c90466c45b12ed0b613d1b08) Importer(815301076,1909f56bfc062723c751e8b465ee728b)  -> (artifact id: '1997993046ec2689bda212e093e33734') in 0.000444 seconds
Number of updated asset objects reloaded before import = 0
Number of asset objects unloaded after import = 0
========================================================================
Received Import Request.
  Time since last request: 22.785811 seconds.
  path: Assets/Script/Gravidade.cs
  artifactKey: Guid(62d67770c90466c45b12ed0b613d1b08) Importer(815301076,1909f56bfc062723c751e8b465ee728b)
Start importing Assets/Script/Gravidade.cs using Guid(62d67770c90466c45b12ed0b613d1b08) Importer(815301076,1909f56bfc062723c751e8b465ee728b)  -> (artifact id: '693b0bc4ada82f36fdb7b1ceac2fbbb7') in 0.000410 seconds
Number of updated asset objects reloaded before import = 0
Number of asset objects unloaded after import = 0
========================================================================
Received Import Request.
  Time since last request: 145.638632 seconds.
  path: Assets/Script/Gravidade.cs
  artifactKey: Guid(62d67770c90466c45b12ed0b613d1b08) Importer(815301076,1909f56bfc062723c751e8b465ee728b)
Start importing Assets/Script/Gravidade.cs using Guid(62d67770c90466c45b12ed0b613d1b08) Importer(815301076,1909f56bfc062723c751e8b465ee728b)  -> (artifact id: '8567cabcc10705d92087c2bb41889caf') in 0.000586 seconds
Number of updated asset objects reloaded before import = 0
Number of asset objects unloaded after import = 0
========================================================================
Received Import Request.
  Time since last request: 18.383582 seconds.
  path: Assets/Script/Gravidade.cs
  artifactKey: Guid(62d67770c90466c45b12ed0b613d1b08) Importer(815301076,1909f56bfc062723c751e8b465ee728b)
Start importing Assets/Script/Gravidade.cs using Guid(62d67770c90466c45b12ed0b613d1b08) Importer(815301076,1909f56bfc062723c751e8b465ee728b)  -> (artifact id: '9a0b32878000f6ca8bf5d9ee540ef496') in 0.000443 seconds
Number of updated asset objects reloaded before import = 0
Number of asset objects unloaded after import = 0
========================================================================
Received Import Request.
  Time since last request: 110.167680 seconds.
  path: Assets/Script/Gravidade.cs
  artifactKey: Guid(62d67770c90466c45b12ed0b613d1b08) Importer(815301076,1909f56bfc062723c751e8b465ee728b)
Start importing Assets/Script/Gravidade.cs using Guid(62d67770c90466c45b12ed0b613d1b08) Importer(815301076,1909f56bfc062723c751e8b465ee728b)  -> (artifact id: '534884b75d799718586b51bfee0ff95c') in 0.000457 seconds
Number of updated asset objects reloaded before import = 0
Number of asset objects unloaded after import = 0
========================================================================
Received Import Request.
  Time since last request: 6.193567 seconds.
  path: Assets/Script/Gravidade.cs
  artifactKey: Guid(62d67770c90466c45b12ed0b613d1b08) Importer(815301076,1909f56bfc062723c751e8b465ee728b)
Start importing Assets/Script/Gravidade.cs using Guid(62d67770c90466c45b12ed0b613d1b08) Importer(815301076,1909f56bfc062723c751e8b465ee728b)  -> (artifact id: '6e1550e2a98fb7492243d737e3b79613') in 0.000388 seconds
Number of updated asset objects reloaded before import = 0
Number of asset objects unloaded after import = 0
